<html>
<head>
<title>TestNG:  Test</title>
<link href="../testng.css" rel="stylesheet" type="text/css" />
<link href="../my-testng.css" rel="stylesheet" type="text/css" />

<style type="text/css">
.log { display: none;} 
.stack-trace { display: none;} 
</style>
<script type="text/javascript">
<!--
function flip(e) {
  current = e.style.display;
  if (current == 'block') {
    e.style.display = 'none';
    return 0;
  }
  else {
    e.style.display = 'block';
    return 1;
  }
}

function toggleBox(szDivId, elem, msg1, msg2)
{
  var res = -1;  if (document.getElementById) {
    res = flip(document.getElementById(szDivId));
  }
  else if (document.all) {
    // this is the way old msie versions work
    res = flip(document.all[szDivId]);
  }
  if(elem) {
    if(res == 0) elem.innerHTML = msg1; else elem.innerHTML = msg2;
  }

}

function toggleAllBoxes() {
  if (document.getElementsByTagName) {
    d = document.getElementsByTagName('div');
    for (i = 0; i < d.length; i++) {
      if (d[i].className == 'log') {
        flip(d[i]);
      }
    }
  }
}

// -->
</script>

</head>
<body>
<h2 align='center'>Test</h2><table border='1' align="center">
<tr>
<td>Tests passed/Failed/Skipped:</td><td>5/2/0</td>
</tr><tr>
<td>Started on:</td><td>Wed Jun 07 11:02:02 IST 2023</td>
</tr>
<tr><td>Total time:</td><td>189 seconds (189274 ms)</td>
</tr><tr>
<td>Included groups:</td><td></td>
</tr><tr>
<td>Excluded groups:</td><td></td>
</tr>
</table><p/>
<small><i>(Hover the method name to see the test class name)</i></small><p/>
<table width='100%' border='1' class='invocation-failed'>
<tr><td colspan='4' align='center'><b>FAILED TESTS</b></td></tr>
<tr><td><b>Test method</b></td>
<td width="30%"><b>Exception</b></td>
<td width="10%"><b>Time (seconds)</b></td>
<td><b>Instance</b></td>
</tr>
<tr>
<td title='testrunner.TestRunner_LabTest_Excel.runScenario()'><b>runScenario</b><br>Test class: testrunner.TestRunner_LabTest_Excel<br>Test method: Runs Cucumber Scenarios<br>Parameters: "Verify Search functionality with valid Test", "Lab-Tests"</td>
<td><div><pre>java.lang.IllegalArgumentException: Keys to send should be a not null CharSequence
	at org.openqa.selenium.remote.RemoteWebElement.sendKeys(RemoteWebElement.java:98)
	at org.openqa.selenium.support.pagefactory.internal.LocatingElementHandler.invoke(LocatingElementHandler.java:52)
	at jdk.proxy2/jdk.proxy2.$Proxy29.sendKeys(Unknown Source)
	at com.pages.LabTestPage.searchText(LabTestPage.java:47)
	at LabTests_Excel_StepDefiniation.LabTestExcel.user_fills_the_test_data_from_given_sheetname_and_rownumber(LabTestExcel.java:67)
	at ✽.User fills the test data from given sheetname &quot;Sheet1&quot; and rownumber 0(file:///C:/Users/GOBHARTI/Sprint-Apollo-247/Apollo247_LabTest_Gopal/src/test/resources/Features/LabTest_Excel.feature:7)
... Removed 4 stack frames</pre></div><a href='#' onClick='toggleBox("stack-trace2103748960", this, "Click to show all stack frames", "Click to hide stack frames")'>Click to show all stack frames</a>
<div class='stack-trace' id='stack-trace2103748960'><pre>java.lang.IllegalArgumentException: Keys to send should be a not null CharSequence
	at org.openqa.selenium.remote.RemoteWebElement.sendKeys(RemoteWebElement.java:98)
	at java.base/jdk.internal.reflect.NativeMethodAccessorImpl.invoke0(Native Method)
	at java.base/jdk.internal.reflect.NativeMethodAccessorImpl.invoke(NativeMethodAccessorImpl.java:77)
	at java.base/jdk.internal.reflect.DelegatingMethodAccessorImpl.invoke(DelegatingMethodAccessorImpl.java:43)
	at java.base/java.lang.reflect.Method.invoke(Method.java:568)
	at org.openqa.selenium.support.pagefactory.internal.LocatingElementHandler.invoke(LocatingElementHandler.java:52)
	at jdk.proxy2/jdk.proxy2.$Proxy29.sendKeys(Unknown Source)
	at com.pages.LabTestPage.searchText(LabTestPage.java:47)
	at LabTests_Excel_StepDefiniation.LabTestExcel.user_fills_the_test_data_from_given_sheetname_and_rownumber(LabTestExcel.java:67)
	at ✽.User fills the test data from given sheetname &quot;Sheet1&quot; and rownumber 0(file:///C:/Users/GOBHARTI/Sprint-Apollo-247/Apollo247_LabTest_Gopal/src/test/resources/Features/LabTest_Excel.feature:7)
</pre></div></td>
<td>17</td>
<td>testrunner.TestRunner_LabTest_Excel@6892b3b6</td></tr>
<tr>
<td title='testrunner.TestRunner_LabTest_Excel.runScenario()'><b>runScenario</b><br>Test class: testrunner.TestRunner_LabTest_Excel<br>Test method: Runs Cucumber Scenarios<br>Parameters: "Verify Search functionality with valid Test", "Lab-Tests"</td>
<td><div><pre>java.lang.IllegalArgumentException: Keys to send should be a not null CharSequence
	at org.openqa.selenium.remote.RemoteWebElement.sendKeys(RemoteWebElement.java:98)
	at org.openqa.selenium.support.pagefactory.internal.LocatingElementHandler.invoke(LocatingElementHandler.java:52)
	at jdk.proxy2/jdk.proxy2.$Proxy29.sendKeys(Unknown Source)
	at com.pages.LabTestPage.searchText(LabTestPage.java:47)
	at LabTests_Excel_StepDefiniation.LabTestExcel.user_fills_the_test_data_from_given_sheetname_and_rownumber(LabTestExcel.java:67)
	at ✽.User fills the test data from given sheetname &quot;Sheet2&quot; and rownumber 0(file:///C:/Users/GOBHARTI/Sprint-Apollo-247/Apollo247_LabTest_Gopal/src/test/resources/Features/LabTest_Excel.feature:7)
... Removed 4 stack frames</pre></div><a href='#' onClick='toggleBox("stack-trace695980401", this, "Click to show all stack frames", "Click to hide stack frames")'>Click to show all stack frames</a>
<div class='stack-trace' id='stack-trace695980401'><pre>java.lang.IllegalArgumentException: Keys to send should be a not null CharSequence
	at org.openqa.selenium.remote.RemoteWebElement.sendKeys(RemoteWebElement.java:98)
	at java.base/jdk.internal.reflect.NativeMethodAccessorImpl.invoke0(Native Method)
	at java.base/jdk.internal.reflect.NativeMethodAccessorImpl.invoke(NativeMethodAccessorImpl.java:77)
	at java.base/jdk.internal.reflect.DelegatingMethodAccessorImpl.invoke(DelegatingMethodAccessorImpl.java:43)
	at java.base/java.lang.reflect.Method.invoke(Method.java:568)
	at org.openqa.selenium.support.pagefactory.internal.LocatingElementHandler.invoke(LocatingElementHandler.java:52)
	at jdk.proxy2/jdk.proxy2.$Proxy29.sendKeys(Unknown Source)
	at com.pages.LabTestPage.searchText(LabTestPage.java:47)
	at LabTests_Excel_StepDefiniation.LabTestExcel.user_fills_the_test_data_from_given_sheetname_and_rownumber(LabTestExcel.java:67)
	at ✽.User fills the test data from given sheetname &quot;Sheet2&quot; and rownumber 0(file:///C:/Users/GOBHARTI/Sprint-Apollo-247/Apollo247_LabTest_Gopal/src/test/resources/Features/LabTest_Excel.feature:7)
</pre></div></td>
<td>16</td>
<td>testrunner.TestRunner_LabTest_Excel@6892b3b6</td></tr>
</table><p>
<table width='100%' border='1' class='invocation-passed'>
<tr><td colspan='4' align='center'><b>PASSED TESTS</b></td></tr>
<tr><td><b>Test method</b></td>
<td width="30%"><b>Exception</b></td>
<td width="10%"><b>Time (seconds)</b></td>
<td><b>Instance</b></td>
</tr>
<tr>
<td title='testrunner.TestRunner_LabTestPage1.runScenario()'><b>runScenario</b><br>Test class: testrunner.TestRunner_LabTestPage1<br>Test method: Runs Cucumber Scenarios<br>Parameters: "Validte Lab-TESTS page UI", "Lab-Tests"</td>
<td></td>
<td>15</td>
<td>testrunner.TestRunner_LabTestPage1@740cae06</td></tr>
<tr>
<td title='testrunner.TestRunner_LabTestPage1.runScenario()'><b>runScenario</b><br>Test class: testrunner.TestRunner_LabTestPage1<br>Test method: Runs Cucumber Scenarios<br>Parameters: "Validate User select LAB-TESTS and view its details", "Lab-Tests"</td>
<td></td>
<td>48</td>
<td>testrunner.TestRunner_LabTestPage1@740cae06</td></tr>
<tr>
<td title='testrunner.TestRunner_LabTestPage2.runScenario()'><b>runScenario</b><br>Test class: testrunner.TestRunner_LabTestPage2<br>Test method: Runs Cucumber Scenarios<br>Parameters: "Verify Search functionality with valid Test", "Lab-Tests"</td>
<td></td>
<td>37</td>
<td>testrunner.TestRunner_LabTestPage2@11392934</td></tr>
<tr>
<td title='testrunner.TestRunner_LabTestPage1.runScenario()'><b>runScenario</b><br>Test class: testrunner.TestRunner_LabTestPage1<br>Test method: Runs Cucumber Scenarios<br>Parameters: "Validate user navigate on Lab-Tests page", "Lab-Tests"</td>
<td></td>
<td>25</td>
<td>testrunner.TestRunner_LabTestPage1@740cae06</td></tr>
<tr>
<td title='testrunner.TestRunner_LabTestPage2.runScenario()'><b>runScenario</b><br>Test class: testrunner.TestRunner_LabTestPage2<br>Test method: Runs Cucumber Scenarios<br>Parameters: "Verify Search functionality with invalid Test", "Lab-Tests"</td>
<td></td>
<td>27</td>
<td>testrunner.TestRunner_LabTestPage2@11392934</td></tr>
</table><p>
</body>
</html>