<html>
<head>
<title>TestNG:  Test</title>
<link href="../testng.css" rel="stylesheet" type="text/css" />
<link href="../my-testng.css" rel="stylesheet" type="text/css" />

<style type="text/css">
.log { display: none;} 
.stack-trace { display: none;} 
</style>
<script type="text/javascript">
<!--
function flip(e) {
  current = e.style.display;
  if (current == 'block') {
    e.style.display = 'none';
    return 0;
  }
  else {
    e.style.display = 'block';
    return 1;
  }
}

function toggleBox(szDivId, elem, msg1, msg2)
{
  var res = -1;  if (document.getElementById) {
    res = flip(document.getElementById(szDivId));
  }
  else if (document.all) {
    // this is the way old msie versions work
    res = flip(document.all[szDivId]);
  }
  if(elem) {
    if(res == 0) elem.innerHTML = msg1; else elem.innerHTML = msg2;
  }

}

function toggleAllBoxes() {
  if (document.getElementsByTagName) {
    d = document.getElementsByTagName('div');
    for (i = 0; i < d.length; i++) {
      if (d[i].className == 'log') {
        flip(d[i]);
      }
    }
  }
}

// -->
</script>

</head>
<body>
<h2 align='center'>Test</h2><table border='1' align="center">
<tr>
<td>Tests passed/Failed/Skipped:</td><td>7/2/0</td>
</tr><tr>
<td>Started on:</td><td>Thu Jun 08 15:50:17 IST 2023</td>
</tr>
<tr><td>Total time:</td><td>200 seconds (200737 ms)</td>
</tr><tr>
<td>Included groups:</td><td></td>
</tr><tr>
<td>Excluded groups:</td><td></td>
</tr>
</table><p/>
<small><i>(Hover the method name to see the test class name)</i></small><p/>
<table width='100%' border='1' class='invocation-failed'>
<tr><td colspan='4' align='center'><b>FAILED TESTS</b></td></tr>
<tr><td><b>Test method</b></td>
<td><b>Attribute(s)</b></td>
<td width="30%"><b>Exception</b></td>
<td width="10%"><b>Time (seconds)</b></td>
<td><b>Instance</b></td>
</tr>
<tr>
<td title='testrunner.TestRunner_LabTestPage1.runScenario()'><b>runScenario</b><br>Test class: testrunner.TestRunner_LabTestPage1<br>Test method: Runs Cucumber Scenarios<br>Parameters: "Validate User select LAB-TESTS and view its details(Main Functionality)", "Lab-Tests"</td>
<td><div><pre>java.lang.AssertionError
	at LabTestPage1_StepDefination.LabTestPage1.user_navigate_on_book_test_page(LabTestPage1.java:176)
	at ?.User navigate on Book Test Page(file:///C:/Users/GOBHARTI/Sprint-Apollo-247/Apollo247_LabTest_Gopal/src/test/resources/features/LabTestPag1.feature:24)
</pre></div><a href='#' onClick='toggleBox("stack-trace177267393", this, "Click to show all stack frames", "Click to hide stack frames")'>Click to show all stack frames</a>
<div class='stack-trace' id='stack-trace177267393'><pre>java.lang.AssertionError
	at LabTestPage1_StepDefination.LabTestPage1.user_navigate_on_book_test_page(LabTestPage1.java:176)
	at ?.User navigate on Book Test Page(file:///C:/Users/GOBHARTI/Sprint-Apollo-247/Apollo247_LabTest_Gopal/src/test/resources/features/LabTestPag1.feature:24)
</pre></div></td>
<td>18</td>
<td>testrunner.TestRunner_LabTestPage1@73e22a3d</td></tr>
<tr>
<td title='testrunner.TestRunner_LabTestPage2.runScenario()'><b>runScenario</b><br>Test class: testrunner.TestRunner_LabTestPage2<br>Test method: Runs Cucumber Scenarios<br>Parameters: "Verify Search functionality with valid Test", "Lab-Tests"</td>
<td><div><pre>org.openqa.selenium.ElementClickInterceptedException: element click intercepted: Element &lt;p&gt;...&lt;/p&gt; is not clickable at point (893, 23). Other element would receive the click: &lt;div class=&quot;wzrk-overlay&quot;&gt;&lt;/div&gt;
  (Session info: chrome=114.0.5735.110)
Build info: version: &apos;4.9.0&apos;, revision: &apos;d7057100a6&apos;
System info: os.name: &apos;Windows 11&apos;, os.arch: &apos;amd64&apos;, os.version: &apos;10.0&apos;, java.version: &apos;17.0.7&apos;
Driver info: org.openqa.selenium.chrome.ChromeDriver
Command: [30bbd104e13cc4b55a010bfa3a9073db, clickElement {id=993973DED9B47DA77610945D913E1B3F_element_46}]
Capabilities {acceptInsecureCerts: false, browserName: chrome, browserVersion: 114.0.5735.110, chrome: {chromedriverVersion: 113.0.5672.63 (0e1a4471d5ae..., userDataDir: C:\Program Files (x86)\scop...}, goog:chromeOptions: {debuggerAddress: localhost:64843}, networkConnectionEnabled: false, pageLoadStrategy: normal, platformName: WINDOWS, proxy: Proxy(), se:cdp: ws://localhost:64843/devtoo..., se:cdpVersion: 114.0.5735.110, setWindowRect: true, strictFileInteractability: false, timeouts: {implicit: 0, pageLoad: 300000, script: 30000}, unhandledPromptBehavior: dismiss and notify, webauthn:extension:credBlob: true, webauthn:extension:largeBlob: true, webauthn:extension:minPinLength: true, webauthn:extension:prf: true, webauthn:virtualAuthenticators: true}
Element: [[ChromeDriver: chrome on WINDOWS (30bbd104e13cc4b55a010bfa3a9073db)] -&gt; xpath: //*[text()=&apos;Lab Tests&apos;]]
Session ID: 30bbd104e13cc4b55a010bfa3a9073db
	at org.openqa.selenium.remote.codec.w3c.W3CHttpResponseCodec.createException(W3CHttpResponseCodec.java:200)
	at org.openqa.selenium.remote.codec.w3c.W3CHttpResponseCodec.decode(W3CHttpResponseCodec.java:133)
	at org.openqa.selenium.remote.codec.w3c.W3CHttpResponseCodec.decode(W3CHttpResponseCodec.java:53)
	at org.openqa.selenium.remote.HttpCommandExecutor.execute(HttpCommandExecutor.java:193)
	at org.openqa.selenium.remote.service.DriverCommandExecutor.invokeExecute(DriverCommandExecutor.java:183)
	at org.openqa.selenium.remote.service.DriverCommandExecutor.execute(DriverCommandExecutor.java:158)
	at org.openqa.selenium.remote.RemoteWebDriver.execute(RemoteWebDriver.java:543)
	at org.openqa.selenium.remote.RemoteWebElement.execute(RemoteWebElement.java:257)
	at org.openqa.selenium.remote.RemoteWebElement.click(RemoteWebElement.java:78)
	at org.openqa.selenium.support.pagefactory.internal.LocatingElementHandler.invoke(LocatingElementHandler.java:52)
	at jdk.proxy2/jdk.proxy2.$Proxy26.click(Unknown Source)
	at com.pages.LandingPage.LabTestsPageNavigation(LandingPage.java:45)
	at LabTestPage2_StepDefination.LabTestPage2.user_click_on_the_lab_tests_link(LabTestPage2.java:46)
	at ?.User click on the LAB_TESTS link(file:///C:/Users/GOBHARTI/Sprint-Apollo-247/Apollo247_LabTest_Gopal/src/test/resources/features/LabTestPag2.feature:5)
... Removed 9 stack frames</pre></div><a href='#' onClick='toggleBox("stack-trace947982595", this, "Click to show all stack frames", "Click to hide stack frames")'>Click to show all stack frames</a>
<div class='stack-trace' id='stack-trace947982595'><pre>org.openqa.selenium.ElementClickInterceptedException: element click intercepted: Element &lt;p&gt;...&lt;/p&gt; is not clickable at point (893, 23). Other element would receive the click: &lt;div class=&quot;wzrk-overlay&quot;&gt;&lt;/div&gt;
  (Session info: chrome=114.0.5735.110)
Build info: version: &apos;4.9.0&apos;, revision: &apos;d7057100a6&apos;
System info: os.name: &apos;Windows 11&apos;, os.arch: &apos;amd64&apos;, os.version: &apos;10.0&apos;, java.version: &apos;17.0.7&apos;
Driver info: org.openqa.selenium.chrome.ChromeDriver
Command: [30bbd104e13cc4b55a010bfa3a9073db, clickElement {id=993973DED9B47DA77610945D913E1B3F_element_46}]
Capabilities {acceptInsecureCerts: false, browserName: chrome, browserVersion: 114.0.5735.110, chrome: {chromedriverVersion: 113.0.5672.63 (0e1a4471d5ae..., userDataDir: C:\Program Files (x86)\scop...}, goog:chromeOptions: {debuggerAddress: localhost:64843}, networkConnectionEnabled: false, pageLoadStrategy: normal, platformName: WINDOWS, proxy: Proxy(), se:cdp: ws://localhost:64843/devtoo..., se:cdpVersion: 114.0.5735.110, setWindowRect: true, strictFileInteractability: false, timeouts: {implicit: 0, pageLoad: 300000, script: 30000}, unhandledPromptBehavior: dismiss and notify, webauthn:extension:credBlob: true, webauthn:extension:largeBlob: true, webauthn:extension:minPinLength: true, webauthn:extension:prf: true, webauthn:virtualAuthenticators: true}
Element: [[ChromeDriver: chrome on WINDOWS (30bbd104e13cc4b55a010bfa3a9073db)] -&gt; xpath: //*[text()=&apos;Lab Tests&apos;]]
Session ID: 30bbd104e13cc4b55a010bfa3a9073db
	at java.base/jdk.internal.reflect.NativeConstructorAccessorImpl.newInstance0(Native Method)
	at java.base/jdk.internal.reflect.NativeConstructorAccessorImpl.newInstance(NativeConstructorAccessorImpl.java:77)
	at java.base/jdk.internal.reflect.DelegatingConstructorAccessorImpl.newInstance(DelegatingConstructorAccessorImpl.java:45)
	at java.base/java.lang.reflect.Constructor.newInstanceWithCaller(Constructor.java:499)
	at java.base/java.lang.reflect.Constructor.newInstance(Constructor.java:480)
	at org.openqa.selenium.remote.codec.w3c.W3CHttpResponseCodec.createException(W3CHttpResponseCodec.java:200)
	at org.openqa.selenium.remote.codec.w3c.W3CHttpResponseCodec.decode(W3CHttpResponseCodec.java:133)
	at org.openqa.selenium.remote.codec.w3c.W3CHttpResponseCodec.decode(W3CHttpResponseCodec.java:53)
	at org.openqa.selenium.remote.HttpCommandExecutor.execute(HttpCommandExecutor.java:193)
	at org.openqa.selenium.remote.service.DriverCommandExecutor.invokeExecute(DriverCommandExecutor.java:183)
	at org.openqa.selenium.remote.service.DriverCommandExecutor.execute(DriverCommandExecutor.java:158)
	at org.openqa.selenium.remote.RemoteWebDriver.execute(RemoteWebDriver.java:543)
	at org.openqa.selenium.remote.RemoteWebElement.execute(RemoteWebElement.java:257)
	at org.openqa.selenium.remote.RemoteWebElement.click(RemoteWebElement.java:78)
	at java.base/jdk.internal.reflect.NativeMethodAccessorImpl.invoke0(Native Method)
	at java.base/jdk.internal.reflect.NativeMethodAccessorImpl.invoke(NativeMethodAccessorImpl.java:77)
	at java.base/jdk.internal.reflect.DelegatingMethodAccessorImpl.invoke(DelegatingMethodAccessorImpl.java:43)
	at java.base/java.lang.reflect.Method.invoke(Method.java:568)
	at org.openqa.selenium.support.pagefactory.internal.LocatingElementHandler.invoke(LocatingElementHandler.java:52)
	at jdk.proxy2/jdk.proxy2.$Proxy26.click(Unknown Source)
	at com.pages.LandingPage.LabTestsPageNavigation(LandingPage.java:45)
	at LabTestPage2_StepDefination.LabTestPage2.user_click_on_the_lab_tests_link(LabTestPage2.java:46)
	at ?.User click on the LAB_TESTS link(file:///C:/Users/GOBHARTI/Sprint-Apollo-247/Apollo247_LabTest_Gopal/src/test/resources/features/LabTestPag2.feature:5)
</pre></div></td>
<td>11</td>
<td>testrunner.TestRunner_LabTestPage2@20ccf40b</td></tr>
</table><p>
<table width='100%' border='1' class='invocation-passed'>
<tr><td colspan='4' align='center'><b>PASSED TESTS</b></td></tr>
<tr><td><b>Test method</b></td>
<td><b>Attribute(s)</b></td>
<td width="30%"><b>Exception</b></td>
<td width="10%"><b>Time (seconds)</b></td>
<td><b>Instance</b></td>
</tr>
<tr>
<td title='testrunner.TestRunner_LabTest_Excel.runScenario()'><b>runScenario</b><br>Test class: testrunner.TestRunner_LabTest_Excel<br>Test method: Runs Cucumber Scenarios<br>Parameters: "Verify Search functionality with invavalid Test", "Lab-Tests"</td>
<td></td>
<td>29</td>
<td>testrunner.TestRunner_LabTest_Excel@2fb3536e</td></tr>
<tr>
<td title='testrunner.TestRunner_LabTestPage2.runScenario()'><b>runScenario</b><br>Test class: testrunner.TestRunner_LabTestPage2<br>Test method: Runs Cucumber Scenarios<br>Parameters: "Verify Search functionality with valid Test", "Lab-Tests"</td>
<td></td>
<td>23</td>
<td>testrunner.TestRunner_LabTestPage2@20ccf40b</td></tr>
<tr>
<td title='testrunner.TestRunner_LabTest_Excel.runScenario()'><b>runScenario</b><br>Test class: testrunner.TestRunner_LabTest_Excel<br>Test method: Runs Cucumber Scenarios<br>Parameters: "Verify Search functionality with valid Test", "Lab-Tests"</td>
<td></td>
<td>29</td>
<td>testrunner.TestRunner_LabTest_Excel@2fb3536e</td></tr>
<tr>
<td title='testrunner.TestRunner_LabTestPage1.runScenario()'><b>runScenario</b><br>Test class: testrunner.TestRunner_LabTestPage1<br>Test method: Runs Cucumber Scenarios<br>Parameters: "Validate user navigate on Lab-Tests page", "Lab-Tests"</td>
<td></td>
<td>24</td>
<td>testrunner.TestRunner_LabTestPage1@73e22a3d</td></tr>
<tr>
<td title='testrunner.TestRunner_LabTestPage1.runScenario()'><b>runScenario</b><br>Test class: testrunner.TestRunner_LabTestPage1<br>Test method: Runs Cucumber Scenarios<br>Parameters: "Validte Lab-TESTS page UI", "Lab-Tests"</td>
<td></td>
<td>14</td>
<td>testrunner.TestRunner_LabTestPage1@73e22a3d</td></tr>
<tr>
<td title='testrunner.TestRunner_LabTestPage2.runScenario()'><b>runScenario</b><br>Test class: testrunner.TestRunner_LabTestPage2<br>Test method: Runs Cucumber Scenarios<br>Parameters: "Verify Search functionality with invalid Test", "Lab-Tests"</td>
<td></td>
<td>25</td>
<td>testrunner.TestRunner_LabTestPage2@20ccf40b</td></tr>
<tr>
<td title='testrunner.TestRunner_LabTestPage2.runScenario()'><b>runScenario</b><br>Test class: testrunner.TestRunner_LabTestPage2<br>Test method: Runs Cucumber Scenarios<br>Parameters: "Verify Search functionality with invalid Test", "Lab-Tests"</td>
<td></td>
<td>24</td>
<td>testrunner.TestRunner_LabTestPage2@20ccf40b</td></tr>
</table><p>
</body>
</html>