<?xml version="1.0" encoding="UTF-8"?>
<!-- Generated by org.testng.reporters.JUnitReportReporter -->
<testsuite hostname="INLEN8520032333" failures="1" tests="3" name="testrunner.TestRunner_LabTestPage1" time="57.075" errors="0" timestamp="2023-06-08T15:53:38 IST" skipped="0">
  <testcase classname="testrunner.TestRunner_LabTestPage1" name="runScenario" time="18.417">
    <failure type="java.lang.AssertionError">
      <![CDATA[java.lang.AssertionError
at LabTestPage1_StepDefination.LabTestPage1.user_navigate_on_book_test_page(LabTestPage1.java:176)
at âœ½.User navigate on Book Test Page(file:///C:/Users/GOBHARTI/Sprint-Apollo-247/Apollo247_LabTest_Gopal/src/test/resources/features/LabTestPag1.feature:24)
]]>
    </failure>
  </testcase> <!-- runScenario -->
  <system-out/>
  <testcase classname="testrunner.TestRunner_LabTestPage1" name="runScenario" time="24.612"/>
  <system-out/>
  <testcase classname="testrunner.TestRunner_LabTestPage1" name="runScenario" time="14.046"/>
  <system-out/>
</testsuite> <!-- testrunner.TestRunner_LabTestPage1 -->
